<?xml version="1.0" encoding="UTF-8"?>
<!-- Generated by org.testng.reporters.JUnitReportReporter -->
<testsuite hostname="LAPTOP-D75SV323" failures="0" tests="1" name="testsClasses.TestProductDetails" time="10.964" errors="0" timestamp="2023-01-09T16:18:12 IST" skipped="0">
  <testcase classname="testsClasses.TestProductDetails" name="testproductdetils" time="10.964"/>
  <system-out/>
</testsuite> <!-- testsClasses.TestProductDetails -->
