<?xml version="1.0" encoding="UTF-8"?>
<!-- Generated by org.testng.reporters.JUnitReportReporter -->
<testsuite hostname="LAPTOP-D75SV323" failures="0" tests="1" name="testsClasses.TestNegativeformdata" time="0.836" errors="0" timestamp="2023-01-17T13:42:12 IST" skipped="0">
  <testcase classname="testsClasses.TestNegativeformdata" name="testnegativeformdata" time="0.836"/>
  <system-out/>
</testsuite> <!-- testsClasses.TestNegativeformdata -->
