<?xml version="1.0" encoding="UTF-8"?>
<!-- Generated by org.testng.reporters.JUnitReportReporter -->
<testsuite hostname="LAPTOP-D75SV323" failures="0" tests="1" name="testsClasses.TestHomepage" time="29.747" errors="0" timestamp="2023-01-17T12:35:27 IST" skipped="0">
  <testcase classname="testsClasses.TestHomepage" name="testhomepage" time="29.747"/>
  <system-out/>
</testsuite> <!-- testsClasses.TestHomepage -->
