<?xml version="1.0" encoding="UTF-8"?>
<!-- Generated by org.testng.reporters.JUnitReportReporter -->
<testsuite hostname="LAPTOP-D75SV323" failures="0" tests="1" name="tests.MainMethod" time="32.301" errors="0" timestamp="2022-12-27T18:46:04 IST" skipped="0">
  <testcase classname="tests.MainMethod" name="testMain" time="32.301"/>
  <system-out/>
</testsuite> <!-- tests.MainMethod -->
